Using pre-set license
Built from '2020.3/staging' branch; Version is '2020.3.26f1 (7298b473bc1a) revision 7510196'; Using compiler version '192528614'; Build Type 'Release'
OS: 'Windows 10  (10.0.19043) 64bit Core' Language: 'ru' Physical Memory: 16332 MB
BatchMode: 1, IsHumanControllingUs: 0, StartBugReporterOnCrash: 0, Is64bit: 1, IsPro: 0

COMMAND LINE ARGUMENTS:
D:\Unity\2020.3.26f1\Editor\Unity.exe
-adb2
-batchMode
-noUpm
-name
AssetImportWorker0
-projectPath
D:/UnityProjects/The Psychí/The Psychí
-logFile
Logs/AssetImportWorker0.log
-srvPort
59156
Successfully changed project path to: D:/UnityProjects/The Psychí/The Psychí
D:/UnityProjects/The Psychí/The Psychí
Using Asset Import Pipeline V2.
Refreshing native plugins compatible for Editor in 77.29 ms, found 3 plugins.
Preloading 0 native plugins for Editor in 0.00 ms.
Initialize engine version: 2020.3.26f1 (7298b473bc1a)
[Subsystems] Discovering subsystems at path D:/Unity/2020.3.26f1/Editor/Data/Resources/UnitySubsystems
[Subsystems] Discovering subsystems at path D:/UnityProjects/The Psychí/The Psychí/Assets
GfxDevice: creating device client; threaded=0
Direct3D:
    Version:  Direct3D 11.0 [level 11.1]
    Renderer: NVIDIA GeForce GTX 1650 (ID=0x1f82)
    Vendor:   
    VRAM:     3962 MB
    Driver:   30.0.14.9676
Initialize mono
Mono path[0] = 'D:/Unity/2020.3.26f1/Editor/Data/Managed'
Mono path[1] = 'D:/Unity/2020.3.26f1/Editor/Data/MonoBleedingEdge/lib/mono/unityjit'
Mono config path = 'D:/Unity/2020.3.26f1/Editor/Data/MonoBleedingEdge/etc'
Using monoOptions --debugger-agent=transport=dt_socket,embedding=1,server=y,suspend=n,address=127.0.0.1:56296
Begin MonoManager ReloadAssembly
Registering precompiled unity dll's ...
Register platform support module: D:/Unity/2020.3.26f1/Editor/Data/PlaybackEngines/WindowsStandaloneSupport/UnityEditor.WindowsStandalone.Extensions.dll
Registered in 0.001064 seconds.
Native extension for WindowsStandalone target not found
Refreshing native plugins compatible for Editor in 73.83 ms, found 3 plugins.
Preloading 0 native plugins for Editor in 0.00 ms.
Mono: successfully reloaded assembly
- Completed reload, in  0.601 seconds
Domain Reload Profiling:
	ReloadAssembly (601ms)
		BeginReloadAssembly (64ms)
			ExecutionOrderSort (0ms)
			DisableScriptedObjects (0ms)
			BackupInstance (0ms)
			ReleaseScriptingObjects (0ms)
			CreateAndSetChildDomain (1ms)
		EndReloadAssembly (472ms)
			LoadAssemblies (63ms)
			RebuildTransferFunctionScriptingTraits (0ms)
			SetupTypeCache (147ms)
			ReleaseScriptCaches (0ms)
			RebuildScriptCaches (28ms)
			SetupLoadedEditorAssemblies (198ms)
				LogAssemblyErrors (0ms)
				InitializePlatformSupportModulesInManaged (4ms)
				SetLoadedEditorAssemblies (0ms)
				RefreshPlugins (74ms)
				BeforeProcessingInitializeOnLoad (16ms)
				ProcessInitializeOnLoadAttributes (78ms)
				ProcessInitializeOnLoadMethodAttributes (26ms)
				AfterProcessingInitializeOnLoad (0ms)
				EditorAssembliesLoaded (0ms)
			ExecutionOrderSort2 (0ms)
			AwakeInstancesAfterBackupRestoration (0ms)
Platform modules already initialized, skipping
Registering precompiled user dll's ...
Registered in 0.004936 seconds.
Begin MonoManager ReloadAssembly
Native extension for WindowsStandalone target not found
Refreshing native plugins compatible for Editor in 81.37 ms, found 3 plugins.
Preloading 0 native plugins for Editor in 0.00 ms.
Mono: successfully reloaded assembly
- Completed reload, in  1.332 seconds
Domain Reload Profiling:
	ReloadAssembly (1333ms)
		BeginReloadAssembly (152ms)
			ExecutionOrderSort (0ms)
			DisableScriptedObjects (4ms)
			BackupInstance (0ms)
			ReleaseScriptingObjects (0ms)
			CreateAndSetChildDomain (19ms)
		EndReloadAssembly (1126ms)
			LoadAssemblies (117ms)
			RebuildTransferFunctionScriptingTraits (0ms)
			SetupTypeCache (359ms)
			ReleaseScriptCaches (1ms)
			RebuildScriptCaches (61ms)
			SetupLoadedEditorAssemblies (479ms)
				LogAssemblyErrors (0ms)
				InitializePlatformSupportModulesInManaged (3ms)
				SetLoadedEditorAssemblies (0ms)
				RefreshPlugins (81ms)
				BeforeProcessingInitializeOnLoad (103ms)
				ProcessInitializeOnLoadAttributes (272ms)
				ProcessInitializeOnLoadMethodAttributes (17ms)
				AfterProcessingInitializeOnLoad (2ms)
				EditorAssembliesLoaded (0ms)
			ExecutionOrderSort2 (0ms)
			AwakeInstancesAfterBackupRestoration (6ms)
Platform modules already initialized, skipping
========================================================================
Worker process is ready to serve import requests
Launched and connected shader compiler UnityShaderCompiler.exe after 0.05 seconds
Refreshing native plugins compatible for Editor in 0.76 ms, found 3 plugins.
Preloading 0 native plugins for Editor in 0.00 ms.
Unloading 3804 Unused Serialized files (Serialized files now loaded: 0)
System memory in use before: 253.1 MB.
System memory in use after: 253.3 MB.

Unloading 32 unused Assets to reduce memory usage. Loaded Objects now: 4273.
Total: 4.251400 ms (FindLiveObjects: 0.297000 ms CreateObjectMapping: 0.196400 ms MarkObjects: 3.720300 ms  DeleteObjects: 0.036200 ms)

AssetImportParameters requested are different than current active one (requested -> active):
  custom:framework-win-MediaFoundation: 216162199b28c13a410421893ffa2e32 -> 
  custom:video-decoder-ogg-theora: a1e56fd34408186e4bbccfd4996cb3dc -> 
  custom:container-muxer-webm: aa71ff27fc2769a1b78a27578f13a17b -> 
  custom:container-demuxer-webm: 4f35f7cbe854078d1ac9338744f61a02 -> 
  custom:container-demuxer-ogg: 62fdf1f143b41e24485cea50d1cbac27 -> 
  custom:video-encoder-webm-vp8: eb34c28f22e8b96e1ab97ce403110664 -> 
  custom:video-decoder-webm-vp8: 9c59270c3fd7afecdb556c50c9e8de78 -> 
  custom:audio-decoder-ogg-vorbis: bf7c407c2cedff20999df2af8eb42d56 -> 
  custom:audio-encoder-webm-vorbis: bf7c407c2cedff20999df2af8eb42d56 -> 
========================================================================
Received Import Request.
  path: Assets/Textures/HologramLines_Cool.psd
  artifactKey: Guid(b197b2a9bd3e05a418c3b34ba2f29761) Importer(815301076,1909f56bfc062723c751e8b465ee728b)
Start importing Assets/Textures/HologramLines_Cool.psd using Guid(b197b2a9bd3e05a418c3b34ba2f29761) Importer(815301076,1909f56bfc062723c751e8b465ee728b)  -> (artifact id: '8324f33622e197becc372c76230de9b5') in 0.114650 seconds 
  Import took 0.121091 seconds .

========================================================================
Received Import Request.
  Time since last request: 0.000175 seconds.
  path: Assets/Textures/yarn.png
  artifactKey: Guid(282400208521ee040aff656e8bbdc677) Importer(815301076,1909f56bfc062723c751e8b465ee728b)
Start importing Assets/Textures/yarn.png using Guid(282400208521ee040aff656e8bbdc677) Importer(815301076,1909f56bfc062723c751e8b465ee728b)  -> (artifact id: '766590daf8b519c51652fbc67d087c24') in 0.073638 seconds 
  Import took 0.079605 seconds .

========================================================================
Received Import Request.
  Time since last request: 0.000143 seconds.
  path: Assets/Textures/Switch.png
  artifactKey: Guid(a0eb68480d8bd0840892f70ab3ebed60) Importer(815301076,1909f56bfc062723c751e8b465ee728b)
Start importing Assets/Textures/Switch.png using Guid(a0eb68480d8bd0840892f70ab3ebed60) Importer(815301076,1909f56bfc062723c751e8b465ee728b)  -> (artifact id: 'bf78d3bc83e421490ccbdf4b58eaa7a4') in 0.019521 seconds 
  Import took 0.024595 seconds .

========================================================================
Received Import Request.
  Time since last request: 0.000174 seconds.
  path: Assets/Textures/Group 1.png
  artifactKey: Guid(4ddfc5d1020f4054c83ee30ac5941f56) Importer(815301076,1909f56bfc062723c751e8b465ee728b)
Start importing Assets/Textures/Group 1.png using Guid(4ddfc5d1020f4054c83ee30ac5941f56) Importer(815301076,1909f56bfc062723c751e8b465ee728b)  -> (artifact id: 'c99add570a44ea3e3042a1b170633be4') in 0.014346 seconds 
  Import took 0.020513 seconds .

========================================================================
Received Import Request.
  Time since last request: 0.000196 seconds.
  path: Assets/Textures/ProjectorFog.png
  artifactKey: Guid(1c1f5fdffb8c5a944a978e8debb8fdfe) Importer(815301076,1909f56bfc062723c751e8b465ee728b)
Start importing Assets/Textures/ProjectorFog.png using Guid(1c1f5fdffb8c5a944a978e8debb8fdfe) Importer(815301076,1909f56bfc062723c751e8b465ee728b)  -> (artifact id: '99db9049598939ead6b46c7a8194840d') in 0.029847 seconds 
  Import took 0.035376 seconds .

========================================================================
Received Import Request.
  Time since last request: 0.000199 seconds.
  path: Assets/Textures/CharacterTest.png
  artifactKey: Guid(1b043d42506868c47961dcefda9d9a87) Importer(815301076,1909f56bfc062723c751e8b465ee728b)
Start importing Assets/Textures/CharacterTest.png using Guid(1b043d42506868c47961dcefda9d9a87) Importer(815301076,1909f56bfc062723c751e8b465ee728b)  -> (artifact id: '061530fce7f1e9a863be4583f70957fc') in 0.013871 seconds 
  Import took 0.020958 seconds .

========================================================================
Received Import Request.
  Time since last request: 0.000155 seconds.
  path: Assets/Textures/pngwing.com.png
  artifactKey: Guid(475b657acc7aeb241a9c16dfd7016070) Importer(815301076,1909f56bfc062723c751e8b465ee728b)
Start importing Assets/Textures/pngwing.com.png using Guid(475b657acc7aeb241a9c16dfd7016070) Importer(815301076,1909f56bfc062723c751e8b465ee728b)  -> (artifact id: '7630ca10d9fcb441ba4e47f148fc27a4') in 0.023202 seconds 
  Import took 0.028665 seconds .

========================================================================
Received Import Request.
  Time since last request: 0.000150 seconds.
  path: Assets/Textures/BackgroundTest.jpg
  artifactKey: Guid(cf82be5f5b08f304da149191d617d055) Importer(815301076,1909f56bfc062723c751e8b465ee728b)
Start importing Assets/Textures/BackgroundTest.jpg using Guid(cf82be5f5b08f304da149191d617d055) Importer(815301076,1909f56bfc062723c751e8b465ee728b)  -> (artifact id: '9a74e7865f12e0c52e6bd3bf8913c788') in 0.031842 seconds 
  Import took 0.037057 seconds .

========================================================================
Received Import Request.
  Time since last request: 0.000172 seconds.
  path: Assets/Textures/kisspng-sputnik-1-satellite-soviet-union-computer-icons-5b3a5787e3ca89.518862901530550151933.png
  artifactKey: Guid(d15900ed1413c1040b23c6d61543728c) Importer(815301076,1909f56bfc062723c751e8b465ee728b)
Start importing Assets/Textures/kisspng-sputnik-1-satellite-soviet-union-computer-icons-5b3a5787e3ca89.518862901530550151933.png using Guid(d15900ed1413c1040b23c6d61543728c) Importer(815301076,1909f56bfc062723c751e8b465ee728b)  -> (artifact id: '775cd4e90de11a4c6c54ae91b2a673fc') in 0.024145 seconds 
  Import took 0.029654 seconds .

========================================================================
Received Prepare
Registering precompiled user dll's ...
Registered in 0.005067 seconds.
Begin MonoManager ReloadAssembly
Native extension for WindowsStandalone target not found
Refreshing native plugins compatible for Editor in 73.15 ms, found 3 plugins.
Preloading 0 native plugins for Editor in 0.00 ms.
Mono: successfully reloaded assembly
- Completed reload, in  1.298 seconds
Domain Reload Profiling:
	ReloadAssembly (1298ms)
		BeginReloadAssembly (150ms)
			ExecutionOrderSort (0ms)
			DisableScriptedObjects (6ms)
			BackupInstance (0ms)
			ReleaseScriptingObjects (0ms)
			CreateAndSetChildDomain (49ms)
		EndReloadAssembly (1093ms)
			LoadAssemblies (125ms)
			RebuildTransferFunctionScriptingTraits (0ms)
			SetupTypeCache (359ms)
			ReleaseScriptCaches (2ms)
			RebuildScriptCaches (52ms)
			SetupLoadedEditorAssemblies (411ms)
				LogAssemblyErrors (0ms)
				InitializePlatformSupportModulesInManaged (3ms)
				SetLoadedEditorAssemblies (0ms)
				RefreshPlugins (73ms)
				BeforeProcessingInitializeOnLoad (80ms)
				ProcessInitializeOnLoadAttributes (239ms)
				ProcessInitializeOnLoadMethodAttributes (13ms)
				AfterProcessingInitializeOnLoad (2ms)
				EditorAssembliesLoaded (0ms)
			ExecutionOrderSort2 (0ms)
			AwakeInstancesAfterBackupRestoration (12ms)
Platform modules already initialized, skipping
Refreshing native plugins compatible for Editor in 0.81 ms, found 3 plugins.
Preloading 0 native plugins for Editor in 0.00 ms.
Unloading 3746 Unused Serialized files (Serialized files now loaded: 0)
System memory in use before: 250.1 MB.
System memory in use after: 250.3 MB.

Unloading 20 unused Assets to reduce memory usage. Loaded Objects now: 4354.
Total: 7.635800 ms (FindLiveObjects: 0.313300 ms CreateObjectMapping: 0.304700 ms MarkObjects: 6.992400 ms  DeleteObjects: 0.024000 ms)

AssetImportParameters requested are different than current active one (requested -> active):
  custom:framework-win-MediaFoundation: 216162199b28c13a410421893ffa2e32 -> 
  custom:video-decoder-ogg-theora: a1e56fd34408186e4bbccfd4996cb3dc -> 
  custom:container-muxer-webm: aa71ff27fc2769a1b78a27578f13a17b -> 
  custom:container-demuxer-webm: 4f35f7cbe854078d1ac9338744f61a02 -> 
  custom:container-demuxer-ogg: 62fdf1f143b41e24485cea50d1cbac27 -> 
  custom:video-encoder-webm-vp8: eb34c28f22e8b96e1ab97ce403110664 -> 
  custom:video-decoder-webm-vp8: 9c59270c3fd7afecdb556c50c9e8de78 -> 
  custom:audio-decoder-ogg-vorbis: bf7c407c2cedff20999df2af8eb42d56 -> 
  custom:audio-encoder-webm-vorbis: bf7c407c2cedff20999df2af8eb42d56 -> 
========================================================================
Received Prepare
Registering precompiled user dll's ...
Registered in 0.003604 seconds.
Begin MonoManager ReloadAssembly
Native extension for WindowsStandalone target not found
Refreshing native plugins compatible for Editor in 0.67 ms, found 3 plugins.
Preloading 0 native plugins for Editor in 0.00 ms.
Mono: successfully reloaded assembly
- Completed reload, in  1.164 seconds
Domain Reload Profiling:
	ReloadAssembly (1165ms)
		BeginReloadAssembly (122ms)
			ExecutionOrderSort (0ms)
			DisableScriptedObjects (6ms)
			BackupInstance (0ms)
			ReleaseScriptingObjects (0ms)
			CreateAndSetChildDomain (37ms)
		EndReloadAssembly (989ms)
			LoadAssemblies (93ms)
			RebuildTransferFunctionScriptingTraits (0ms)
			SetupTypeCache (350ms)
			ReleaseScriptCaches (1ms)
			RebuildScriptCaches (48ms)
			SetupLoadedEditorAssemblies (376ms)
				LogAssemblyErrors (0ms)
				InitializePlatformSupportModulesInManaged (4ms)
				SetLoadedEditorAssemblies (0ms)
				RefreshPlugins (1ms)
				BeforeProcessingInitializeOnLoad (94ms)
				ProcessInitializeOnLoadAttributes (264ms)
				ProcessInitializeOnLoadMethodAttributes (10ms)
				AfterProcessingInitializeOnLoad (2ms)
				EditorAssembliesLoaded (0ms)
			ExecutionOrderSort2 (0ms)
			AwakeInstancesAfterBackupRestoration (12ms)
Platform modules already initialized, skipping
Refreshing native plugins compatible for Editor in 1.01 ms, found 3 plugins.
Preloading 0 native plugins for Editor in 0.00 ms.
Unloading 3746 Unused Serialized files (Serialized files now loaded: 0)
System memory in use before: 250.1 MB.
System memory in use after: 250.4 MB.

Unloading 20 unused Assets to reduce memory usage. Loaded Objects now: 4356.
Total: 4.582700 ms (FindLiveObjects: 0.276900 ms CreateObjectMapping: 0.182200 ms MarkObjects: 4.101900 ms  DeleteObjects: 0.020700 ms)

AssetImportParameters requested are different than current active one (requested -> active):
  custom:framework-win-MediaFoundation: 216162199b28c13a410421893ffa2e32 -> 
  custom:video-decoder-ogg-theora: a1e56fd34408186e4bbccfd4996cb3dc -> 
  custom:container-muxer-webm: aa71ff27fc2769a1b78a27578f13a17b -> 
  custom:container-demuxer-webm: 4f35f7cbe854078d1ac9338744f61a02 -> 
  custom:container-demuxer-ogg: 62fdf1f143b41e24485cea50d1cbac27 -> 
  custom:video-encoder-webm-vp8: eb34c28f22e8b96e1ab97ce403110664 -> 
  custom:video-decoder-webm-vp8: 9c59270c3fd7afecdb556c50c9e8de78 -> 
  custom:audio-decoder-ogg-vorbis: bf7c407c2cedff20999df2af8eb42d56 -> 
  custom:audio-encoder-webm-vorbis: bf7c407c2cedff20999df2af8eb42d56 -> 
========================================================================
Received Import Request.
  Time since last request: 292.470978 seconds.
  path: Assets/Textures/CHAR-UNITY-experiment-01.psd
  artifactKey: Guid(0d94373ac55bb624fbcfb83b44b410f0) Importer(815301076,1909f56bfc062723c751e8b465ee728b)
Start importing Assets/Textures/CHAR-UNITY-experiment-01.psd using Guid(0d94373ac55bb624fbcfb83b44b410f0) Importer(815301076,1909f56bfc062723c751e8b465ee728b)  -> (artifact id: '702b9a48e8a6f46ba79c0f870cff6d8a') in 0.062757 seconds 
  Import took 0.068457 seconds .

========================================================================
Received Import Request.
  Time since last request: 57.720112 seconds.
  path: Assets/Textures/CHAR-UNITY-experiment-01.psd
  artifactKey: Guid(0d94373ac55bb624fbcfb83b44b410f0) Importer(815301076,1909f56bfc062723c751e8b465ee728b)
Start importing Assets/Textures/CHAR-UNITY-experiment-01.psd using Guid(0d94373ac55bb624fbcfb83b44b410f0) Importer(815301076,1909f56bfc062723c751e8b465ee728b)  -> (artifact id: 'f9540c6a26911a7a9339f08cc9297240') in 0.017994 seconds 
  Import took 0.024074 seconds .

========================================================================
Received Import Request.
  Time since last request: 77.491555 seconds.
  path: Assets/Textures/CHAR-UNITY-experiment-01.psd
  artifactKey: Guid(0d94373ac55bb624fbcfb83b44b410f0) Importer(815301076,1909f56bfc062723c751e8b465ee728b)
Start importing Assets/Textures/CHAR-UNITY-experiment-01.psd using Guid(0d94373ac55bb624fbcfb83b44b410f0) Importer(815301076,1909f56bfc062723c751e8b465ee728b)  -> (artifact id: '5a47e89698af9342cb616f064a718f48') in 0.010435 seconds 
  Import took 0.017803 seconds .

========================================================================
Received Import Request.
  Time since last request: 5.281767 seconds.
  path: Assets/Textures/CHAR-UNITY-experiment-01.psd
  artifactKey: Guid(0d94373ac55bb624fbcfb83b44b410f0) Importer(815301076,1909f56bfc062723c751e8b465ee728b)
Start importing Assets/Textures/CHAR-UNITY-experiment-01.psd using Guid(0d94373ac55bb624fbcfb83b44b410f0) Importer(815301076,1909f56bfc062723c751e8b465ee728b)  -> (artifact id: 'a590ac41f437ccfc833c7db632974fe6') in 0.018770 seconds 
  Import took 0.024311 seconds .

========================================================================
Received Import Request.
  Time since last request: 2263.897834 seconds.
  path: Assets/Textures/CHAR-UNITY-experiment-01.psb
  artifactKey: Guid(0030ec7decca7d54c9b7c99e39fee2de) Importer(815301076,1909f56bfc062723c751e8b465ee728b)
Start importing Assets/Textures/CHAR-UNITY-experiment-01.psb using Guid(0030ec7decca7d54c9b7c99e39fee2de) Importer(815301076,1909f56bfc062723c751e8b465ee728b)  -> (artifact id: '63088ec0371175d300aa664b593de0a0') in 0.339083 seconds 
  Import took 0.440605 seconds .

========================================================================
Received Import Request.
  Time since last request: 192.143352 seconds.
  path: Assets/Textures/CHAR-UNITY-experiment-01.psb
  artifactKey: Guid(0030ec7decca7d54c9b7c99e39fee2de) Importer(815301076,1909f56bfc062723c751e8b465ee728b)
Start importing Assets/Textures/CHAR-UNITY-experiment-01.psb using Guid(0030ec7decca7d54c9b7c99e39fee2de) Importer(815301076,1909f56bfc062723c751e8b465ee728b)  -> (artifact id: 'fff0814e3ac961c709680a18a023881e') in 0.193789 seconds 
  Import took 0.200575 seconds .

========================================================================
Received Import Request.
  Time since last request: 50.503636 seconds.
  path: Assets/Textures/CHAR-UNITY-experiment-01.psb
  artifactKey: Guid(0030ec7decca7d54c9b7c99e39fee2de) Importer(815301076,1909f56bfc062723c751e8b465ee728b)
Start importing Assets/Textures/CHAR-UNITY-experiment-01.psb using Guid(0030ec7decca7d54c9b7c99e39fee2de) Importer(815301076,1909f56bfc062723c751e8b465ee728b)  -> (artifact id: '9aa6cf8ada502ed22746eec3a41d6f33') in 0.112051 seconds 
  Import took 0.118570 seconds .

========================================================================
Received Import Request.
  Time since last request: 45.674555 seconds.
  path: Assets/Textures/CHAR-UNITY-experiment-01.psb
  artifactKey: Guid(0030ec7decca7d54c9b7c99e39fee2de) Importer(815301076,1909f56bfc062723c751e8b465ee728b)
Start importing Assets/Textures/CHAR-UNITY-experiment-01.psb using Guid(0030ec7decca7d54c9b7c99e39fee2de) Importer(815301076,1909f56bfc062723c751e8b465ee728b)  -> (artifact id: '8008bf73151194fd7fa966e93da6b779') in 0.080535 seconds 
  Import took 0.086310 seconds .

========================================================================
Received Import Request.
  Time since last request: 13.331006 seconds.
  path: Assets/Textures/CHAR-UNITY-experiment-01.psb
  artifactKey: Guid(0030ec7decca7d54c9b7c99e39fee2de) Importer(815301076,1909f56bfc062723c751e8b465ee728b)
Start importing Assets/Textures/CHAR-UNITY-experiment-01.psb using Guid(0030ec7decca7d54c9b7c99e39fee2de) Importer(815301076,1909f56bfc062723c751e8b465ee728b)  -> (artifact id: 'ad6d94682a7295bf5588ab069215b21d') in 0.098049 seconds 
  Import took 0.104204 seconds .

========================================================================
Received Prepare
Registering precompiled user dll's ...
Registered in 0.004448 seconds.
Begin MonoManager ReloadAssembly
Native extension for WindowsStandalone target not found
Refreshing native plugins compatible for Editor in 0.90 ms, found 3 plugins.
Preloading 0 native plugins for Editor in 0.00 ms.
Mono: successfully reloaded assembly
- Completed reload, in  1.220 seconds
Domain Reload Profiling:
	ReloadAssembly (1220ms)
		BeginReloadAssembly (172ms)
			ExecutionOrderSort (0ms)
			DisableScriptedObjects (9ms)
			BackupInstance (0ms)
			ReleaseScriptingObjects (0ms)
			CreateAndSetChildDomain (73ms)
		EndReloadAssembly (996ms)
			LoadAssemblies (111ms)
			RebuildTransferFunctionScriptingTraits (0ms)
			SetupTypeCache (360ms)
			ReleaseScriptCaches (1ms)
			RebuildScriptCaches (45ms)
			SetupLoadedEditorAssemblies (347ms)
				LogAssemblyErrors (0ms)
				InitializePlatformSupportModulesInManaged (4ms)
				SetLoadedEditorAssemblies (1ms)
				RefreshPlugins (1ms)
				BeforeProcessingInitializeOnLoad (89ms)
				ProcessInitializeOnLoadAttributes (240ms)
				ProcessInitializeOnLoadMethodAttributes (10ms)
				AfterProcessingInitializeOnLoad (2ms)
				EditorAssembliesLoaded (0ms)
			ExecutionOrderSort2 (0ms)
			AwakeInstancesAfterBackupRestoration (17ms)
Platform modules already initialized, skipping
Refreshing native plugins compatible for Editor in 0.93 ms, found 3 plugins.
Preloading 0 native plugins for Editor in 0.00 ms.
Unloading 3746 Unused Serialized files (Serialized files now loaded: 0)
System memory in use before: 252.9 MB.
System memory in use after: 253.1 MB.

Unloading 20 unused Assets to reduce memory usage. Loaded Objects now: 4419.
Total: 3.935700 ms (FindLiveObjects: 0.326400 ms CreateObjectMapping: 0.217600 ms MarkObjects: 3.370800 ms  DeleteObjects: 0.019800 ms)

AssetImportParameters requested are different than current active one (requested -> active):
  custom:framework-win-MediaFoundation: 216162199b28c13a410421893ffa2e32 -> 
  custom:video-decoder-ogg-theora: a1e56fd34408186e4bbccfd4996cb3dc -> 
  custom:container-muxer-webm: aa71ff27fc2769a1b78a27578f13a17b -> 
  custom:container-demuxer-webm: 4f35f7cbe854078d1ac9338744f61a02 -> 
  custom:container-demuxer-ogg: 62fdf1f143b41e24485cea50d1cbac27 -> 
  custom:video-encoder-webm-vp8: eb34c28f22e8b96e1ab97ce403110664 -> 
  custom:video-decoder-webm-vp8: 9c59270c3fd7afecdb556c50c9e8de78 -> 
  custom:audio-decoder-ogg-vorbis: bf7c407c2cedff20999df2af8eb42d56 -> 
  custom:audio-encoder-webm-vorbis: bf7c407c2cedff20999df2af8eb42d56 -> 
========================================================================
Received Import Request.
  Time since last request: 2899.400322 seconds.
  path: Assets/Textures/CHAR-UNITY-experiment-01.psb
  artifactKey: Guid(0030ec7decca7d54c9b7c99e39fee2de) Importer(815301076,1909f56bfc062723c751e8b465ee728b)
Start importing Assets/Textures/CHAR-UNITY-experiment-01.psb using Guid(0030ec7decca7d54c9b7c99e39fee2de) Importer(815301076,1909f56bfc062723c751e8b465ee728b)  -> (artifact id: '9565eee7a3d5b1077d23e9370bb71e1d') in 0.294475 seconds 
  Import took 0.303731 seconds .

========================================================================
Received Import Request.
  Time since last request: 3438.769242 seconds.
  path: Assets/Textures/CHAR-UNITY-experiment-01.psb
  artifactKey: Guid(0030ec7decca7d54c9b7c99e39fee2de) Importer(815301076,1909f56bfc062723c751e8b465ee728b)
Start importing Assets/Textures/CHAR-UNITY-experiment-01.psb using Guid(0030ec7decca7d54c9b7c99e39fee2de) Importer(815301076,1909f56bfc062723c751e8b465ee728b)  -> (artifact id: '21329341beb69d1eda39b989a9390744') in 0.148866 seconds 
  Import took 0.209915 seconds .

AssetImportWorkerClient::OnTransportError - code=2 error=End of file
